<?xml version="1.0" encoding="UTF-8"?>
<testsuite xmlns:xsi="http://www.w3.org/2001/XMLSchema-instance" xsi:noNamespaceSchemaLocation="https://maven.apache.org/surefire/maven-surefire-plugin/xsd/surefire-test-report.xsd" name="com.escuela.openrewrite.SayHelloRecipeTest" time="0.51" tests="3" errors="0" skipped="0" failures="3">
  <properties>
[...]
</properties>
  <testcase name="doesNotChangeExistingHello" classname="com.escuela.openrewrite.SayHelloRecipeTest" time="0.475">
    <failure message="[Recipe must be able to instantiate via RecipeIntrospectionUtils] &#10;Expecting code not to raise a throwable but caught&#10;  &quot;org.openrewrite.config.RecipeIntrospectionException: Unable to call primary constructor for Recipe class com.escuela.openrewrite.SayHelloRecipe&#10;	at org.openrewrite.internal.RecipeIntrospectionUtils.getRecipeIntrospectionException(RecipeIntrospectionUtils.java:154)&#10;	at org.openrewrite.internal.RecipeIntrospectionUtils.construct(RecipeIntrospectionUtils.java:139)&#10;	at org.openrewrite.internal.RecipeIntrospectionUtils.constructRecipe(RecipeIntrospectionUtils.java:102)&#10;	at org.openrewrite.test.RewriteTest.lambda$rewriteRun$6(RewriteTest.java:170)&#10;	at org.assertj.core.api.ThrowableAssert.catchThrowable(ThrowableAssert.java:63)&#10;	at org.assertj.core.api.AssertionsForClassTypes.catchThrowable(AssertionsForClassTypes.java:892)&#10;	at org.assertj.core.api.AssertionsForClassTypes.assertThatCode(AssertionsForClassTypes.java:863)&#10;	at org.assertj.core.api.Assertions.assertThatCode(Assertions.java:1287)&#10;	at org.openrewrite.test.RewriteTest.rewriteRun(RewriteTest.java:169)&#10;	at org.openrewrite.test.RewriteTest.rewriteRun(RewriteTest.java:132)&#10;	at org.openrewrite.test.RewriteTest.rewriteRun(RewriteTest.java:127)&#10;	at com.escuela.openrewrite.SayHelloRecipeTest.doesNotChangeExistingHello(SayHelloRecipeTest.java:57)&#10;	at java.base/jdk.internal.reflect.NativeMethodAccessorImpl.invoke0(Native Method)&#10;	at java.base/jdk.internal.reflect.NativeMethodAccessorImpl.invoke(NativeMethodAccessorImpl.java:77)&#10;	at java.base/jdk.internal.reflect.DelegatingMethodAccessorImpl.invoke(DelegatingMethodAccessorImpl.java:43)&#10;	at java.base/java.lang.reflect.Method.invoke(Method.java:568)&#10;	at org.junit.runners.model.FrameworkMethod$1.runReflectiveCall(FrameworkMethod.java:47)&#10;	at org.junit.internal.runners.model.ReflectiveCallable.run(ReflectiveCallable.java:12)&#10;	at org.junit.runners.model.FrameworkMethod.invokeExplosively(FrameworkMethod.java:44)&#10;	at org.junit.internal.runners.statements.InvokeMethod.evaluate(InvokeMethod.java:17)&#10;	at org.junit.runners.ParentRunner.runLeaf(ParentRunner.java:271)&#10;	at org.junit.runners.BlockJUnit4ClassRunner.runChild(BlockJUnit4ClassRunner.java:70)&#10;	at org.junit.runners.BlockJUnit4ClassRunner.runChild(BlockJUnit4ClassRunner.java:50)&#10;	at org.junit.runners.ParentRunner$3.run(ParentRunner.java:238)&#10;	at org.junit.runners.ParentRunner$1.schedule(ParentRunner.java:63)&#10;	at org.junit.runners.ParentRunner.runChildren(ParentRunner.java:236)&#10;	at org.junit.runners.ParentRunner.access$000(ParentRunner.java:53)&#10;	at org.junit.runners.ParentRunner$2.evaluate(ParentRunner.java:229)&#10;	at org.junit.runners.ParentRunner.run(ParentRunner.java:309)&#10;	at org.apache.maven.surefire.junit4.JUnit4Provider.execute(JUnit4Provider.java:365)&#10;	at org.apache.maven.surefire.junit4.JUnit4Provider.executeWithRerun(JUnit4Provider.java:273)&#10;	at org.apache.maven.surefire.junit4.JUnit4Provider.executeTestSet(JUnit4Provider.java:238)&#10;	at org.apache.maven.surefire.junit4.JUnit4Provider.invoke(JUnit4Provider.java:159)&#10;	at org.apache.maven.surefire.booter.ForkedBooter.invokeProviderInSameClassLoader(ForkedBooter.java:384)&#10;	at org.apache.maven.surefire.booter.ForkedBooter.runSuitesInProcess(ForkedBooter.java:345)&#10;	at org.apache.maven.surefire.booter.ForkedBooter.execute(ForkedBooter.java:126)&#10;	at org.apache.maven.surefire.booter.ForkedBooter.main(ForkedBooter.java:418)&#10;Caused by: java.lang.reflect.InvocationTargetException&#10;	at java.base/jdk.internal.reflect.NativeConstructorAccessorImpl.newInstance0(Native Method)&#10;	at java.base/jdk.internal.reflect.NativeConstructorAccessorImpl.newInstance(NativeConstructorAccessorImpl.java:77)&#10;	at java.base/jdk.internal.reflect.DelegatingConstructorAccessorImpl.newInstance(DelegatingConstructorAccessorImpl.java:45)&#10;	at java.base/java.lang.reflect.Constructor.newInstanceWithCaller(Constructor.java:499)&#10;	at java.base/java.lang.reflect.Constructor.newInstance(Constructor.java:480)&#10;	at org.openrewrite.internal.RecipeIntrospectionUtils.construct(RecipeIntrospectionUtils.java:136)&#10;	... 35 more&#10;Caused by: java.lang.NullPointerException: fullyQualifiedClassName is marked non-null but is null&#10;	at com.escuela.openrewrite.SayHelloRecipe.&lt;init&gt;(SayHelloRecipe.java:35)&#10;	... 41 more&#10;&quot;" type="java.lang.AssertionError"><![CDATA[java.lang.AssertionError: 
[Recipe must be able to instantiate via RecipeIntrospectionUtils] 
Expecting code not to raise a throwable but caught
  "org.openrewrite.config.RecipeIntrospectionException: Unable to call primary constructor for Recipe class com.escuela.openrewrite.SayHelloRecipe
	at org.openrewrite.internal.RecipeIntrospectionUtils.getRecipeIntrospectionException(RecipeIntrospectionUtils.java:154)
	at org.openrewrite.internal.RecipeIntrospectionUtils.construct(RecipeIntrospectionUtils.java:139)
	at org.openrewrite.internal.RecipeIntrospectionUtils.constructRecipe(RecipeIntrospectionUtils.java:102)
	at org.openrewrite.test.RewriteTest.lambda$rewriteRun$6(RewriteTest.java:170)
	at org.assertj.core.api.ThrowableAssert.catchThrowable(ThrowableAssert.java:63)
	at org.assertj.core.api.AssertionsForClassTypes.catchThrowable(AssertionsForClassTypes.java:892)
	at org.assertj.core.api.AssertionsForClassTypes.assertThatCode(AssertionsForClassTypes.java:863)
	at org.assertj.core.api.Assertions.assertThatCode(Assertions.java:1287)
	at org.openrewrite.test.RewriteTest.rewriteRun(RewriteTest.java:169)
	at org.openrewrite.test.RewriteTest.rewriteRun(RewriteTest.java:132)
	at org.openrewrite.test.RewriteTest.rewriteRun(RewriteTest.java:127)
	at com.escuela.openrewrite.SayHelloRecipeTest.doesNotChangeExistingHello(SayHelloRecipeTest.java:57)
	at java.base/jdk.internal.reflect.NativeMethodAccessorImpl.invoke0(Native Method)
	at java.base/jdk.internal.reflect.NativeMethodAccessorImpl.invoke(NativeMethodAccessorImpl.java:77)
	at java.base/jdk.internal.reflect.DelegatingMethodAccessorImpl.invoke(DelegatingMethodAccessorImpl.java:43)
	at java.base/java.lang.reflect.Method.invoke(Method.java:568)
	at org.junit.runners.model.FrameworkMethod$1.runReflectiveCall(FrameworkMethod.java:47)
	at org.junit.internal.runners.model.ReflectiveCallable.run(ReflectiveCallable.java:12)
	at org.junit.runners.model.FrameworkMethod.invokeExplosively(FrameworkMethod.java:44)
	at org.junit.internal.runners.statements.InvokeMethod.evaluate(InvokeMethod.java:17)
	at org.junit.runners.ParentRunner.runLeaf(ParentRunner.java:271)
	at org.junit.runners.BlockJUnit4ClassRunner.runChild(BlockJUnit4ClassRunner.java:70)
	at org.junit.runners.BlockJUnit4ClassRunner.runChild(BlockJUnit4ClassRunner.java:50)
	at org.junit.runners.ParentRunner$3.run(ParentRunner.java:238)
	at org.junit.runners.ParentRunner$1.schedule(ParentRunner.java:63)
	at org.junit.runners.ParentRunner.runChildren(ParentRunner.java:236)
	at org.junit.runners.ParentRunner.access$000(ParentRunner.java:53)
	at org.junit.runners.ParentRunner$2.evaluate(ParentRunner.java:229)
	at org.junit.runners.ParentRunner.run(ParentRunner.java:309)
	at org.apache.maven.surefire.junit4.JUnit4Provider.execute(JUnit4Provider.java:365)
	at org.apache.maven.surefire.junit4.JUnit4Provider.executeWithRerun(JUnit4Provider.java:273)
	at org.apache.maven.surefire.junit4.JUnit4Provider.executeTestSet(JUnit4Provider.java:238)
	at org.apache.maven.surefire.junit4.JUnit4Provider.invoke(JUnit4Provider.java:159)
	at org.apache.maven.surefire.booter.ForkedBooter.invokeProviderInSameClassLoader(ForkedBooter.java:384)
	at org.apache.maven.surefire.booter.ForkedBooter.runSuitesInProcess(ForkedBooter.java:345)
	at org.apache.maven.surefire.booter.ForkedBooter.execute(ForkedBooter.java:126)
	at org.apache.maven.surefire.booter.ForkedBooter.main(ForkedBooter.java:418)
Caused by: java.lang.reflect.InvocationTargetException
	at java.base/jdk.internal.reflect.NativeConstructorAccessorImpl.newInstance0(Native Method)
	at java.base/jdk.internal.reflect.NativeConstructorAccessorImpl.newInstance(NativeConstructorAccessorImpl.java:77)
	at java.base/jdk.internal.reflect.DelegatingConstructorAccessorImpl.newInstance(DelegatingConstructorAccessorImpl.java:45)
	at java.base/java.lang.reflect.Constructor.newInstanceWithCaller(Constructor.java:499)
	at java.base/java.lang.reflect.Constructor.newInstance(Constructor.java:480)
	at org.openrewrite.internal.RecipeIntrospectionUtils.construct(RecipeIntrospectionUtils.java:136)
	... 35 more
Caused by: java.lang.NullPointerException: fullyQualifiedClassName is marked non-null but is null
	at com.escuela.openrewrite.SayHelloRecipe.<init>(SayHelloRecipe.java:35)
	... 41 more
"
	at com.escuela.openrewrite.SayHelloRecipeTest.doesNotChangeExistingHello(SayHelloRecipeTest.java:57)
]]></failure>
    <system-err><![CDATA[SLF4J: Failed to load class "org.slf4j.impl.StaticLoggerBinder".
SLF4J: Defaulting to no-operation (NOP) logger implementation
SLF4J: See http://www.slf4j.org/codes.html#StaticLoggerBinder for further details.
]]></system-err>
  </testcase>
  <testcase name="doesNotChangeOtherClasses" classname="com.escuela.openrewrite.SayHelloRecipeTest" time="0.016">
    <failure message="[Recipe must be able to instantiate via RecipeIntrospectionUtils] &#10;Expecting code not to raise a throwable but caught&#10;  &quot;org.openrewrite.config.RecipeIntrospectionException: Unable to call primary constructor for Recipe class com.escuela.openrewrite.SayHelloRecipe&#10;	at org.openrewrite.internal.RecipeIntrospectionUtils.getRecipeIntrospectionException(RecipeIntrospectionUtils.java:154)&#10;	at org.openrewrite.internal.RecipeIntrospectionUtils.construct(RecipeIntrospectionUtils.java:139)&#10;	at org.openrewrite.internal.RecipeIntrospectionUtils.constructRecipe(RecipeIntrospectionUtils.java:102)&#10;	at org.openrewrite.test.RewriteTest.lambda$rewriteRun$6(RewriteTest.java:170)&#10;	at org.assertj.core.api.ThrowableAssert.catchThrowable(ThrowableAssert.java:63)&#10;	at org.assertj.core.api.AssertionsForClassTypes.catchThrowable(AssertionsForClassTypes.java:892)&#10;	at org.assertj.core.api.AssertionsForClassTypes.assertThatCode(AssertionsForClassTypes.java:863)&#10;	at org.assertj.core.api.Assertions.assertThatCode(Assertions.java:1287)&#10;	at org.openrewrite.test.RewriteTest.rewriteRun(RewriteTest.java:169)&#10;	at org.openrewrite.test.RewriteTest.rewriteRun(RewriteTest.java:132)&#10;	at org.openrewrite.test.RewriteTest.rewriteRun(RewriteTest.java:127)&#10;	at com.escuela.openrewrite.SayHelloRecipeTest.doesNotChangeOtherClasses(SayHelloRecipeTest.java:43)&#10;	at java.base/jdk.internal.reflect.NativeMethodAccessorImpl.invoke0(Native Method)&#10;	at java.base/jdk.internal.reflect.NativeMethodAccessorImpl.invoke(NativeMethodAccessorImpl.java:77)&#10;	at java.base/jdk.internal.reflect.DelegatingMethodAccessorImpl.invoke(DelegatingMethodAccessorImpl.java:43)&#10;	at java.base/java.lang.reflect.Method.invoke(Method.java:568)&#10;	at org.junit.runners.model.FrameworkMethod$1.runReflectiveCall(FrameworkMethod.java:47)&#10;	at org.junit.internal.runners.model.ReflectiveCallable.run(ReflectiveCallable.java:12)&#10;	at org.junit.runners.model.FrameworkMethod.invokeExplosively(FrameworkMethod.java:44)&#10;	at org.junit.internal.runners.statements.InvokeMethod.evaluate(InvokeMethod.java:17)&#10;	at org.junit.runners.ParentRunner.runLeaf(ParentRunner.java:271)&#10;	at org.junit.runners.BlockJUnit4ClassRunner.runChild(BlockJUnit4ClassRunner.java:70)&#10;	at org.junit.runners.BlockJUnit4ClassRunner.runChild(BlockJUnit4ClassRunner.java:50)&#10;	at org.junit.runners.ParentRunner$3.run(ParentRunner.java:238)&#10;	at org.junit.runners.ParentRunner$1.schedule(ParentRunner.java:63)&#10;	at org.junit.runners.ParentRunner.runChildren(ParentRunner.java:236)&#10;	at org.junit.runners.ParentRunner.access$000(ParentRunner.java:53)&#10;	at org.junit.runners.ParentRunner$2.evaluate(ParentRunner.java:229)&#10;	at org.junit.runners.ParentRunner.run(ParentRunner.java:309)&#10;	at org.apache.maven.surefire.junit4.JUnit4Provider.execute(JUnit4Provider.java:365)&#10;	at org.apache.maven.surefire.junit4.JUnit4Provider.executeWithRerun(JUnit4Provider.java:273)&#10;	at org.apache.maven.surefire.junit4.JUnit4Provider.executeTestSet(JUnit4Provider.java:238)&#10;	at org.apache.maven.surefire.junit4.JUnit4Provider.invoke(JUnit4Provider.java:159)&#10;	at org.apache.maven.surefire.booter.ForkedBooter.invokeProviderInSameClassLoader(ForkedBooter.java:384)&#10;	at org.apache.maven.surefire.booter.ForkedBooter.runSuitesInProcess(ForkedBooter.java:345)&#10;	at org.apache.maven.surefire.booter.ForkedBooter.execute(ForkedBooter.java:126)&#10;	at org.apache.maven.surefire.booter.ForkedBooter.main(ForkedBooter.java:418)&#10;Caused by: java.lang.reflect.InvocationTargetException&#10;	at java.base/jdk.internal.reflect.NativeConstructorAccessorImpl.newInstance0(Native Method)&#10;	at java.base/jdk.internal.reflect.NativeConstructorAccessorImpl.newInstance(NativeConstructorAccessorImpl.java:77)&#10;	at java.base/jdk.internal.reflect.DelegatingConstructorAccessorImpl.newInstance(DelegatingConstructorAccessorImpl.java:45)&#10;	at java.base/java.lang.reflect.Constructor.newInstanceWithCaller(Constructor.java:499)&#10;	at java.base/java.lang.reflect.Constructor.newInstance(Constructor.java:480)&#10;	at org.openrewrite.internal.RecipeIntrospectionUtils.construct(RecipeIntrospectionUtils.java:136)&#10;	... 35 more&#10;Caused by: java.lang.NullPointerException: fullyQualifiedClassName is marked non-null but is null&#10;	at com.escuela.openrewrite.SayHelloRecipe.&lt;init&gt;(SayHelloRecipe.java:35)&#10;	... 41 more&#10;&quot;" type="java.lang.AssertionError"><![CDATA[java.lang.AssertionError: 
[Recipe must be able to instantiate via RecipeIntrospectionUtils] 
Expecting code not to raise a throwable but caught
  "org.openrewrite.config.RecipeIntrospectionException: Unable to call primary constructor for Recipe class com.escuela.openrewrite.SayHelloRecipe
	at org.openrewrite.internal.RecipeIntrospectionUtils.getRecipeIntrospectionException(RecipeIntrospectionUtils.java:154)
	at org.openrewrite.internal.RecipeIntrospectionUtils.construct(RecipeIntrospectionUtils.java:139)
	at org.openrewrite.internal.RecipeIntrospectionUtils.constructRecipe(RecipeIntrospectionUtils.java:102)
	at org.openrewrite.test.RewriteTest.lambda$rewriteRun$6(RewriteTest.java:170)
	at org.assertj.core.api.ThrowableAssert.catchThrowable(ThrowableAssert.java:63)
	at org.assertj.core.api.AssertionsForClassTypes.catchThrowable(AssertionsForClassTypes.java:892)
	at org.assertj.core.api.AssertionsForClassTypes.assertThatCode(AssertionsForClassTypes.java:863)
	at org.assertj.core.api.Assertions.assertThatCode(Assertions.java:1287)
	at org.openrewrite.test.RewriteTest.rewriteRun(RewriteTest.java:169)
	at org.openrewrite.test.RewriteTest.rewriteRun(RewriteTest.java:132)
	at org.openrewrite.test.RewriteTest.rewriteRun(RewriteTest.java:127)
	at com.escuela.openrewrite.SayHelloRecipeTest.doesNotChangeOtherClasses(SayHelloRecipeTest.java:43)
	at java.base/jdk.internal.reflect.NativeMethodAccessorImpl.invoke0(Native Method)
	at java.base/jdk.internal.reflect.NativeMethodAccessorImpl.invoke(NativeMethodAccessorImpl.java:77)
	at java.base/jdk.internal.reflect.DelegatingMethodAccessorImpl.invoke(DelegatingMethodAccessorImpl.java:43)
	at java.base/java.lang.reflect.Method.invoke(Method.java:568)
	at org.junit.runners.model.FrameworkMethod$1.runReflectiveCall(FrameworkMethod.java:47)
	at org.junit.internal.runners.model.ReflectiveCallable.run(ReflectiveCallable.java:12)
	at org.junit.runners.model.FrameworkMethod.invokeExplosively(FrameworkMethod.java:44)
	at org.junit.internal.runners.statements.InvokeMethod.evaluate(InvokeMethod.java:17)
	at org.junit.runners.ParentRunner.runLeaf(ParentRunner.java:271)
	at org.junit.runners.BlockJUnit4ClassRunner.runChild(BlockJUnit4ClassRunner.java:70)
	at org.junit.runners.BlockJUnit4ClassRunner.runChild(BlockJUnit4ClassRunner.java:50)
	at org.junit.runners.ParentRunner$3.run(ParentRunner.java:238)
	at org.junit.runners.ParentRunner$1.schedule(ParentRunner.java:63)
	at org.junit.runners.ParentRunner.runChildren(ParentRunner.java:236)
	at org.junit.runners.ParentRunner.access$000(ParentRunner.java:53)
	at org.junit.runners.ParentRunner$2.evaluate(ParentRunner.java:229)
	at org.junit.runners.ParentRunner.run(ParentRunner.java:309)
	at org.apache.maven.surefire.junit4.JUnit4Provider.execute(JUnit4Provider.java:365)
	at org.apache.maven.surefire.junit4.JUnit4Provider.executeWithRerun(JUnit4Provider.java:273)
	at org.apache.maven.surefire.junit4.JUnit4Provider.executeTestSet(JUnit4Provider.java:238)
	at org.apache.maven.surefire.junit4.JUnit4Provider.invoke(JUnit4Provider.java:159)
	at org.apache.maven.surefire.booter.ForkedBooter.invokeProviderInSameClassLoader(ForkedBooter.java:384)
	at org.apache.maven.surefire.booter.ForkedBooter.runSuitesInProcess(ForkedBooter.java:345)
	at org.apache.maven.surefire.booter.ForkedBooter.execute(ForkedBooter.java:126)
	at org.apache.maven.surefire.booter.ForkedBooter.main(ForkedBooter.java:418)
Caused by: java.lang.reflect.InvocationTargetException
	at java.base/jdk.internal.reflect.NativeConstructorAccessorImpl.newInstance0(Native Method)
	at java.base/jdk.internal.reflect.NativeConstructorAccessorImpl.newInstance(NativeConstructorAccessorImpl.java:77)
	at java.base/jdk.internal.reflect.DelegatingConstructorAccessorImpl.newInstance(DelegatingConstructorAccessorImpl.java:45)
	at java.base/java.lang.reflect.Constructor.newInstanceWithCaller(Constructor.java:499)
	at java.base/java.lang.reflect.Constructor.newInstance(Constructor.java:480)
	at org.openrewrite.internal.RecipeIntrospectionUtils.construct(RecipeIntrospectionUtils.java:136)
	... 35 more
Caused by: java.lang.NullPointerException: fullyQualifiedClassName is marked non-null but is null
	at com.escuela.openrewrite.SayHelloRecipe.<init>(SayHelloRecipe.java:35)
	... 41 more
"
	at com.escuela.openrewrite.SayHelloRecipeTest.doesNotChangeOtherClasses(SayHelloRecipeTest.java:43)
]]></failure>
  </testcase>
  <testcase name="addsHelloToFooBar" classname="com.escuela.openrewrite.SayHelloRecipeTest" time="0.018">
    <failure message="[Recipe must be able to instantiate via RecipeIntrospectionUtils] &#10;Expecting code not to raise a throwable but caught&#10;  &quot;org.openrewrite.config.RecipeIntrospectionException: Unable to call primary constructor for Recipe class com.escuela.openrewrite.SayHelloRecipe&#10;	at org.openrewrite.internal.RecipeIntrospectionUtils.getRecipeIntrospectionException(RecipeIntrospectionUtils.java:154)&#10;	at org.openrewrite.internal.RecipeIntrospectionUtils.construct(RecipeIntrospectionUtils.java:139)&#10;	at org.openrewrite.internal.RecipeIntrospectionUtils.constructRecipe(RecipeIntrospectionUtils.java:102)&#10;	at org.openrewrite.test.RewriteTest.lambda$rewriteRun$6(RewriteTest.java:170)&#10;	at org.assertj.core.api.ThrowableAssert.catchThrowable(ThrowableAssert.java:63)&#10;	at org.assertj.core.api.AssertionsForClassTypes.catchThrowable(AssertionsForClassTypes.java:892)&#10;	at org.assertj.core.api.AssertionsForClassTypes.assertThatCode(AssertionsForClassTypes.java:863)&#10;	at org.assertj.core.api.Assertions.assertThatCode(Assertions.java:1287)&#10;	at org.openrewrite.test.RewriteTest.rewriteRun(RewriteTest.java:169)&#10;	at org.openrewrite.test.RewriteTest.rewriteRun(RewriteTest.java:132)&#10;	at org.openrewrite.test.RewriteTest.rewriteRun(RewriteTest.java:127)&#10;	at com.escuela.openrewrite.SayHelloRecipeTest.addsHelloToFooBar(SayHelloRecipeTest.java:19)&#10;	at java.base/jdk.internal.reflect.NativeMethodAccessorImpl.invoke0(Native Method)&#10;	at java.base/jdk.internal.reflect.NativeMethodAccessorImpl.invoke(NativeMethodAccessorImpl.java:77)&#10;	at java.base/jdk.internal.reflect.DelegatingMethodAccessorImpl.invoke(DelegatingMethodAccessorImpl.java:43)&#10;	at java.base/java.lang.reflect.Method.invoke(Method.java:568)&#10;	at org.junit.runners.model.FrameworkMethod$1.runReflectiveCall(FrameworkMethod.java:47)&#10;	at org.junit.internal.runners.model.ReflectiveCallable.run(ReflectiveCallable.java:12)&#10;	at org.junit.runners.model.FrameworkMethod.invokeExplosively(FrameworkMethod.java:44)&#10;	at org.junit.internal.runners.statements.InvokeMethod.evaluate(InvokeMethod.java:17)&#10;	at org.junit.runners.ParentRunner.runLeaf(ParentRunner.java:271)&#10;	at org.junit.runners.BlockJUnit4ClassRunner.runChild(BlockJUnit4ClassRunner.java:70)&#10;	at org.junit.runners.BlockJUnit4ClassRunner.runChild(BlockJUnit4ClassRunner.java:50)&#10;	at org.junit.runners.ParentRunner$3.run(ParentRunner.java:238)&#10;	at org.junit.runners.ParentRunner$1.schedule(ParentRunner.java:63)&#10;	at org.junit.runners.ParentRunner.runChildren(ParentRunner.java:236)&#10;	at org.junit.runners.ParentRunner.access$000(ParentRunner.java:53)&#10;	at org.junit.runners.ParentRunner$2.evaluate(ParentRunner.java:229)&#10;	at org.junit.runners.ParentRunner.run(ParentRunner.java:309)&#10;	at org.apache.maven.surefire.junit4.JUnit4Provider.execute(JUnit4Provider.java:365)&#10;	at org.apache.maven.surefire.junit4.JUnit4Provider.executeWithRerun(JUnit4Provider.java:273)&#10;	at org.apache.maven.surefire.junit4.JUnit4Provider.executeTestSet(JUnit4Provider.java:238)&#10;	at org.apache.maven.surefire.junit4.JUnit4Provider.invoke(JUnit4Provider.java:159)&#10;	at org.apache.maven.surefire.booter.ForkedBooter.invokeProviderInSameClassLoader(ForkedBooter.java:384)&#10;	at org.apache.maven.surefire.booter.ForkedBooter.runSuitesInProcess(ForkedBooter.java:345)&#10;	at org.apache.maven.surefire.booter.ForkedBooter.execute(ForkedBooter.java:126)&#10;	at org.apache.maven.surefire.booter.ForkedBooter.main(ForkedBooter.java:418)&#10;Caused by: java.lang.reflect.InvocationTargetException&#10;	at java.base/jdk.internal.reflect.NativeConstructorAccessorImpl.newInstance0(Native Method)&#10;	at java.base/jdk.internal.reflect.NativeConstructorAccessorImpl.newInstance(NativeConstructorAccessorImpl.java:77)&#10;	at java.base/jdk.internal.reflect.DelegatingConstructorAccessorImpl.newInstance(DelegatingConstructorAccessorImpl.java:45)&#10;	at java.base/java.lang.reflect.Constructor.newInstanceWithCaller(Constructor.java:499)&#10;	at java.base/java.lang.reflect.Constructor.newInstance(Constructor.java:480)&#10;	at org.openrewrite.internal.RecipeIntrospectionUtils.construct(RecipeIntrospectionUtils.java:136)&#10;	... 35 more&#10;Caused by: java.lang.NullPointerException: fullyQualifiedClassName is marked non-null but is null&#10;	at com.escuela.openrewrite.SayHelloRecipe.&lt;init&gt;(SayHelloRecipe.java:35)&#10;	... 41 more&#10;&quot;" type="java.lang.AssertionError"><![CDATA[java.lang.AssertionError: 
[Recipe must be able to instantiate via RecipeIntrospectionUtils] 
Expecting code not to raise a throwable but caught
  "org.openrewrite.config.RecipeIntrospectionException: Unable to call primary constructor for Recipe class com.escuela.openrewrite.SayHelloRecipe
	at org.openrewrite.internal.RecipeIntrospectionUtils.getRecipeIntrospectionException(RecipeIntrospectionUtils.java:154)
	at org.openrewrite.internal.RecipeIntrospectionUtils.construct(RecipeIntrospectionUtils.java:139)
	at org.openrewrite.internal.RecipeIntrospectionUtils.constructRecipe(RecipeIntrospectionUtils.java:102)
	at org.openrewrite.test.RewriteTest.lambda$rewriteRun$6(RewriteTest.java:170)
	at org.assertj.core.api.ThrowableAssert.catchThrowable(ThrowableAssert.java:63)
	at org.assertj.core.api.AssertionsForClassTypes.catchThrowable(AssertionsForClassTypes.java:892)
	at org.assertj.core.api.AssertionsForClassTypes.assertThatCode(AssertionsForClassTypes.java:863)
	at org.assertj.core.api.Assertions.assertThatCode(Assertions.java:1287)
	at org.openrewrite.test.RewriteTest.rewriteRun(RewriteTest.java:169)
	at org.openrewrite.test.RewriteTest.rewriteRun(RewriteTest.java:132)
	at org.openrewrite.test.RewriteTest.rewriteRun(RewriteTest.java:127)
	at com.escuela.openrewrite.SayHelloRecipeTest.addsHelloToFooBar(SayHelloRecipeTest.java:19)
	at java.base/jdk.internal.reflect.NativeMethodAccessorImpl.invoke0(Native Method)
	at java.base/jdk.internal.reflect.NativeMethodAccessorImpl.invoke(NativeMethodAccessorImpl.java:77)
	at java.base/jdk.internal.reflect.DelegatingMethodAccessorImpl.invoke(DelegatingMethodAccessorImpl.java:43)
	at java.base/java.lang.reflect.Method.invoke(Method.java:568)
	at org.junit.runners.model.FrameworkMethod$1.runReflectiveCall(FrameworkMethod.java:47)
	at org.junit.internal.runners.model.ReflectiveCallable.run(ReflectiveCallable.java:12)
	at org.junit.runners.model.FrameworkMethod.invokeExplosively(FrameworkMethod.java:44)
	at org.junit.internal.runners.statements.InvokeMethod.evaluate(InvokeMethod.java:17)
	at org.junit.runners.ParentRunner.runLeaf(ParentRunner.java:271)
	at org.junit.runners.BlockJUnit4ClassRunner.runChild(BlockJUnit4ClassRunner.java:70)
	at org.junit.runners.BlockJUnit4ClassRunner.runChild(BlockJUnit4ClassRunner.java:50)
	at org.junit.runners.ParentRunner$3.run(ParentRunner.java:238)
	at org.junit.runners.ParentRunner$1.schedule(ParentRunner.java:63)
	at org.junit.runners.ParentRunner.runChildren(ParentRunner.java:236)
	at org.junit.runners.ParentRunner.access$000(ParentRunner.java:53)
	at org.junit.runners.ParentRunner$2.evaluate(ParentRunner.java:229)
	at org.junit.runners.ParentRunner.run(ParentRunner.java:309)
	at org.apache.maven.surefire.junit4.JUnit4Provider.execute(JUnit4Provider.java:365)
	at org.apache.maven.surefire.junit4.JUnit4Provider.executeWithRerun(JUnit4Provider.java:273)
	at org.apache.maven.surefire.junit4.JUnit4Provider.executeTestSet(JUnit4Provider.java:238)
	at org.apache.maven.surefire.junit4.JUnit4Provider.invoke(JUnit4Provider.java:159)
	at org.apache.maven.surefire.booter.ForkedBooter.invokeProviderInSameClassLoader(ForkedBooter.java:384)
	at org.apache.maven.surefire.booter.ForkedBooter.runSuitesInProcess(ForkedBooter.java:345)
	at org.apache.maven.surefire.booter.ForkedBooter.execute(ForkedBooter.java:126)
	at org.apache.maven.surefire.booter.ForkedBooter.main(ForkedBooter.java:418)
Caused by: java.lang.reflect.InvocationTargetException
	at java.base/jdk.internal.reflect.NativeConstructorAccessorImpl.newInstance0(Native Method)
	at java.base/jdk.internal.reflect.NativeConstructorAccessorImpl.newInstance(NativeConstructorAccessorImpl.java:77)
	at java.base/jdk.internal.reflect.DelegatingConstructorAccessorImpl.newInstance(DelegatingConstructorAccessorImpl.java:45)
	at java.base/java.lang.reflect.Constructor.newInstanceWithCaller(Constructor.java:499)
	at java.base/java.lang.reflect.Constructor.newInstance(Constructor.java:480)
	at org.openrewrite.internal.RecipeIntrospectionUtils.construct(RecipeIntrospectionUtils.java:136)
	... 35 more
Caused by: java.lang.NullPointerException: fullyQualifiedClassName is marked non-null but is null
	at com.escuela.openrewrite.SayHelloRecipe.<init>(SayHelloRecipe.java:35)
	... 41 more
"
	at com.escuela.openrewrite.SayHelloRecipeTest.addsHelloToFooBar(SayHelloRecipeTest.java:19)
]]></failure>
  </testcase>
</testsuite>